<?xml version="1.0" encoding="UTF-8"?>
<!-- Generated by org.testng.reporters.JUnitReportReporter -->
<testsuite hostname="DESKTOP-FBDQA1D" failures="0" tests="1" name="PracticeGitnJenkinProgram.Demo2" time="0.007" errors="0" timestamp="2023-07-12T14:32:22 IST" skipped="0">
  <testcase classname="PracticeGitnJenkinProgram.Demo2" name="m2" time="0.007"/>
  <system-out/>
</testsuite> <!-- PracticeGitnJenkinProgram.Demo2 -->
