<?xml version="1.0" encoding="UTF-8"?>
<!-- Generated by org.testng.reporters.JUnitReportReporter -->
<testsuite hostname="DESKTOP-FBDQA1D" failures="0" tests="1" name="PracticeGitnJenkinProgram.Demo1" time="0.009" errors="0" timestamp="2023-07-12T14:31:00 IST" skipped="0">
  <testcase classname="PracticeGitnJenkinProgram.Demo1" name="m1" time="0.009"/>
  <system-out/>
</testsuite> <!-- PracticeGitnJenkinProgram.Demo1 -->
